<?xml version="1.0" encoding="UTF-8"?>
<testng-results ignored="0" total="1" passed="1" failed="0" skipped="0">
  <reporter-output>
  </reporter-output>
  <suite started-at="2021-06-22T23:25:04 EDT" name="Default suite" finished-at="2021-06-22T23:25:09 EDT" duration-ms="5521">
    <groups>
    </groups>
    <test started-at="2021-06-22T23:25:04 EDT" name="Default test" finished-at="2021-06-22T23:25:09 EDT" duration-ms="5521">
      <class name="testCases.HomePageTest">
        <test-method is-config="true" signature="SetUp()[pri:0, instance:testCases.HomePageTest@15a34df2]" started-at="2021-06-22T23:25:04 EDT" name="SetUp" finished-at="2021-06-22T23:25:08 EDT" duration-ms="3856" status="PASS">
          <reporter-output>
          </reporter-output>
        </test-method> <!-- SetUp -->
        <test-method signature="goToLoginPage()[pri:0, instance:testCases.HomePageTest@15a34df2]" started-at="2021-06-22T23:25:08 EDT" name="goToLoginPage" finished-at="2021-06-22T23:25:09 EDT" duration-ms="1628" status="PASS">
          <reporter-output>
          </reporter-output>
        </test-method> <!-- goToLoginPage -->
      </class> <!-- testCases.HomePageTest -->
    </test> <!-- Default test -->
  </suite> <!-- Default suite -->
</testng-results>
